<?xml version="1.0" encoding="UTF-8"?>
<coverage generated="1590595925217" clover="3.2.0">
  <project timestamp="1590595925217" name="All files">
    <metrics statements="124" coveredstatements="60" conditionals="60" coveredconditionals="3" methods="34" coveredmethods="10" elements="218" coveredelements="73" complexity="0" loc="124" ncloc="124" packages="8" files="24" classes="24"/>
    <package name="src">
      <metrics statements="4" coveredstatements="4" conditionals="2" coveredconditionals="2" methods="1" coveredmethods="1"/>
      <file name="index.js" path="/Users/joseph/Documents/Rice-store-frontend/src/index.js">
        <metrics statements="4" coveredstatements="4" conditionals="2" coveredconditionals="2" methods="1" coveredmethods="1"/>
        <line num="14" count="1" type="stmt"/>
        <line num="15" count="2" type="cond" truecount="2" falsecount="0"/>
        <line num="16" count="1" type="stmt"/>
        <line num="29" count="1" type="stmt"/>
      </file>
    </package>
    <package name="src.components">
      <metrics statements="33" coveredstatements="25" conditionals="4" coveredconditionals="1" methods="13" coveredmethods="6"/>
      <file name="App.js" path="/Users/joseph/Documents/Rice-store-frontend/src/components/App.js">
        <metrics statements="12" coveredstatements="8" conditionals="0" coveredconditionals="0" methods="4" coveredmethods="1"/>
        <line num="9" count="2" type="stmt"/>
        <line num="10" count="1" type="stmt"/>
        <line num="11" count="1" type="stmt"/>
        <line num="12" count="1" type="stmt"/>
        <line num="14" count="1" type="stmt"/>
        <line num="15" count="0" type="stmt"/>
        <line num="16" count="0" type="stmt"/>
        <line num="19" count="1" type="stmt"/>
        <line num="20" count="0" type="stmt"/>
        <line num="23" count="1" type="stmt"/>
        <line num="24" count="0" type="stmt"/>
        <line num="30" count="1" type="stmt"/>
      </file>
      <file name="Form.js" path="/Users/joseph/Documents/Rice-store-frontend/src/components/Form.js">
        <metrics statements="3" coveredstatements="3" conditionals="0" coveredconditionals="0" methods="1" coveredmethods="1"/>
        <line num="4" count="3" type="stmt"/>
        <line num="5" count="4" type="stmt"/>
        <line num="14" count="3" type="stmt"/>
      </file>
      <file name="NavBar.js" path="/Users/joseph/Documents/Rice-store-frontend/src/components/NavBar.js">
        <metrics statements="6" coveredstatements="2" conditionals="0" coveredconditionals="0" methods="4" coveredmethods="0"/>
        <line num="5" count="2" type="stmt"/>
        <line num="6" count="0" type="stmt"/>
        <line num="16" count="0" type="stmt"/>
        <line num="20" count="0" type="stmt"/>
        <line num="24" count="0" type="stmt"/>
        <line num="39" count="2" type="stmt"/>
      </file>
      <file name="login.js" path="/Users/joseph/Documents/Rice-store-frontend/src/components/login.js">
        <metrics statements="12" coveredstatements="12" conditionals="4" coveredconditionals="1" methods="4" coveredmethods="4"/>
        <line num="8" count="3" type="stmt"/>
        <line num="9" count="4" type="stmt"/>
        <line num="12" count="4" type="stmt"/>
        <line num="14" count="4" type="stmt"/>
        <line num="15" count="4" type="stmt"/>
        <line num="16" count="2" type="stmt"/>
        <line num="22" count="4" type="stmt"/>
        <line num="23" count="1" type="stmt"/>
        <line num="24" count="1" type="stmt"/>
        <line num="32" count="4" type="stmt"/>
        <line num="33" count="3" type="cond" truecount="1" falsecount="3"/>
        <line num="43" count="4" type="stmt"/>
      </file>
    </package>
    <package name="src.components.common">
      <metrics statements="14" coveredstatements="6" conditionals="4" coveredconditionals="0" methods="5" coveredmethods="1"/>
      <file name="Input.js" path="/Users/joseph/Documents/Rice-store-frontend/src/components/common/Input.js">
        <metrics statements="3" coveredstatements="3" conditionals="0" coveredconditionals="0" methods="1" coveredmethods="1"/>
        <line num="4" count="3" type="stmt"/>
        <line num="5" count="8" type="stmt"/>
        <line num="13" count="3" type="stmt"/>
      </file>
      <file name="Modal.js" path="/Users/joseph/Documents/Rice-store-frontend/src/components/common/Modal.js">
        <metrics statements="2" coveredstatements="1" conditionals="0" coveredconditionals="0" methods="1" coveredmethods="0"/>
        <line num="4" count="2" type="stmt"/>
        <line num="6" count="0" type="stmt"/>
      </file>
      <file name="ReusableTable.js" path="/Users/joseph/Documents/Rice-store-frontend/src/components/common/ReusableTable.js">
        <metrics statements="3" coveredstatements="0" conditionals="0" coveredconditionals="0" methods="1" coveredmethods="0"/>
        <line num="5" count="0" type="stmt"/>
        <line num="6" count="0" type="stmt"/>
        <line num="32" count="0" type="stmt"/>
      </file>
      <file name="StoreCurrentState.js" path="/Users/joseph/Documents/Rice-store-frontend/src/components/common/StoreCurrentState.js">
        <metrics statements="3" coveredstatements="2" conditionals="4" coveredconditionals="0" methods="1" coveredmethods="0"/>
        <line num="4" count="2" type="stmt"/>
        <line num="5" count="0" type="stmt"/>
        <line num="13" count="2" type="stmt"/>
      </file>
      <file name="Table.js" path="/Users/joseph/Documents/Rice-store-frontend/src/components/common/Table.js">
        <metrics statements="3" coveredstatements="0" conditionals="0" coveredconditionals="0" methods="1" coveredmethods="0"/>
        <line num="4" count="0" type="stmt"/>
        <line num="5" count="0" type="stmt"/>
        <line num="35" count="0" type="stmt"/>
      </file>
    </package>
    <package name="src.components.store">
      <metrics statements="58" coveredstatements="12" conditionals="48" coveredconditionals="0" methods="12" coveredmethods="0"/>
      <file name="AddProduct.js" path="/Users/joseph/Documents/Rice-store-frontend/src/components/store/AddProduct.js">
        <metrics statements="7" coveredstatements="2" conditionals="0" coveredconditionals="0" methods="2" coveredmethods="0"/>
        <line num="11" count="2" type="stmt"/>
        <line num="12" count="0" type="stmt"/>
        <line num="14" count="0" type="stmt"/>
        <line num="15" count="0" type="stmt"/>
        <line num="16" count="0" type="stmt"/>
        <line num="25" count="0" type="stmt"/>
        <line num="41" count="2" type="stmt"/>
      </file>
      <file name="AddRound.js" path="/Users/joseph/Documents/Rice-store-frontend/src/components/store/AddRound.js">
        <metrics statements="8" coveredstatements="2" conditionals="2" coveredconditionals="0" methods="2" coveredmethods="0"/>
        <line num="10" count="2" type="stmt"/>
        <line num="11" count="0" type="stmt"/>
        <line num="13" count="0" type="stmt"/>
        <line num="14" count="0" type="stmt"/>
        <line num="15" count="0" type="stmt"/>
        <line num="23" count="0" type="cond" truecount="0" falsecount="2"/>
        <line num="24" count="0" type="stmt"/>
        <line num="39" count="2" type="stmt"/>
      </file>
      <file name="History.js" path="/Users/joseph/Documents/Rice-store-frontend/src/components/store/History.js">
        <metrics statements="6" coveredstatements="2" conditionals="10" coveredconditionals="0" methods="2" coveredmethods="0"/>
        <line num="12" count="2" type="stmt"/>
        <line num="13" count="0" type="stmt"/>
        <line num="14" count="0" type="cond" truecount="0" falsecount="2"/>
        <line num="16" count="0" type="stmt"/>
        <line num="27" count="0" type="stmt"/>
        <line num="64" count="2" type="stmt"/>
      </file>
      <file name="SellProduct.js" path="/Users/joseph/Documents/Rice-store-frontend/src/components/store/SellProduct.js">
        <metrics statements="8" coveredstatements="2" conditionals="2" coveredconditionals="0" methods="2" coveredmethods="0"/>
        <line num="10" count="2" type="stmt"/>
        <line num="11" count="0" type="stmt"/>
        <line num="13" count="0" type="stmt"/>
        <line num="14" count="0" type="stmt"/>
        <line num="15" count="0" type="stmt"/>
        <line num="25" count="0" type="cond" truecount="0" falsecount="2"/>
        <line num="27" count="0" type="stmt"/>
        <line num="44" count="2" type="stmt"/>
      </file>
      <file name="storeReport.js" path="/Users/joseph/Documents/Rice-store-frontend/src/components/store/storeReport.js">
        <metrics statements="26" coveredstatements="2" conditionals="34" coveredconditionals="0" methods="3" coveredmethods="0"/>
        <line num="13" count="2" type="stmt"/>
        <line num="14" count="0" type="stmt"/>
        <line num="15" count="0" type="cond" truecount="0" falsecount="2"/>
        <line num="17" count="0" type="stmt"/>
        <line num="18" count="0" type="stmt"/>
        <line num="19" count="0" type="stmt"/>
        <line num="20" count="0" type="stmt"/>
        <line num="21" count="0" type="stmt"/>
        <line num="22" count="0" type="stmt"/>
        <line num="24" count="0" type="cond" truecount="0" falsecount="2"/>
        <line num="25" count="0" type="cond" truecount="0" falsecount="4"/>
        <line num="26" count="0" type="stmt"/>
        <line num="29" count="0" type="cond" truecount="0" falsecount="4"/>
        <line num="30" count="0" type="stmt"/>
        <line num="31" count="0" type="stmt"/>
        <line num="35" count="0" type="stmt"/>
        <line num="37" count="0" type="cond" truecount="0" falsecount="2"/>
        <line num="38" count="0" type="cond" truecount="0" falsecount="2"/>
        <line num="39" count="0" type="stmt"/>
        <line num="40" count="0" type="stmt"/>
        <line num="43" count="0" type="cond" truecount="0" falsecount="2"/>
        <line num="44" count="0" type="stmt"/>
        <line num="48" count="0" type="stmt"/>
        <line num="50" count="0" type="stmt"/>
        <line num="52" count="0" type="stmt"/>
        <line num="128" count="2" type="stmt"/>
      </file>
      <file name="transa-card.js" path="/Users/joseph/Documents/Rice-store-frontend/src/components/store/transa-card.js">
        <metrics statements="3" coveredstatements="2" conditionals="0" coveredconditionals="0" methods="1" coveredmethods="0"/>
        <line num="5" count="2" type="stmt"/>
        <line num="6" count="0" type="stmt"/>
        <line num="48" count="2" type="stmt"/>
      </file>
    </package>
    <package name="src.container">
      <metrics statements="5" coveredstatements="5" conditionals="0" coveredconditionals="0" methods="2" coveredmethods="2"/>
      <file name="LeftContainer.js" path="/Users/joseph/Documents/Rice-store-frontend/src/container/LeftContainer.js">
        <metrics statements="2" coveredstatements="2" conditionals="0" coveredconditionals="0" methods="1" coveredmethods="1"/>
        <line num="3" count="3" type="stmt"/>
        <line num="4" count="4" type="stmt"/>
      </file>
      <file name="RightContainer.js" path="/Users/joseph/Documents/Rice-store-frontend/src/container/RightContainer.js">
        <metrics statements="3" coveredstatements="3" conditionals="0" coveredconditionals="0" methods="1" coveredmethods="1"/>
        <line num="6" count="3" type="stmt"/>
        <line num="7" count="4" type="stmt"/>
        <line num="23" count="3" type="stmt"/>
      </file>
    </package>
    <package name="src.graphql">
      <metrics statements="5" coveredstatements="3" conditionals="2" coveredconditionals="0" methods="1" coveredmethods="0"/>
      <file name="ApolloClient.js" path="/Users/joseph/Documents/Rice-store-frontend/src/graphql/ApolloClient.js">
        <metrics statements="5" coveredstatements="3" conditionals="2" coveredconditionals="0" methods="1" coveredmethods="0"/>
        <line num="7" count="1" type="stmt"/>
        <line num="11" count="1" type="stmt"/>
        <line num="13" count="0" type="stmt"/>
        <line num="15" count="0" type="stmt"/>
        <line num="23" count="1" type="stmt"/>
      </file>
    </package>
    <package name="src.graphql.mutations">
      <metrics statements="3" coveredstatements="3" conditionals="0" coveredconditionals="0" methods="0" coveredmethods="0"/>
      <file name="addProduct.js" path="/Users/joseph/Documents/Rice-store-frontend/src/graphql/mutations/addProduct.js">
        <metrics statements="1" coveredstatements="1" conditionals="0" coveredconditionals="0" methods="0" coveredmethods="0"/>
        <line num="3" count="2" type="stmt"/>
      </file>
      <file name="addRound.js" path="/Users/joseph/Documents/Rice-store-frontend/src/graphql/mutations/addRound.js">
        <metrics statements="1" coveredstatements="1" conditionals="0" coveredconditionals="0" methods="0" coveredmethods="0"/>
        <line num="3" count="2" type="stmt"/>
      </file>
      <file name="sellProduct.js" path="/Users/joseph/Documents/Rice-store-frontend/src/graphql/mutations/sellProduct.js">
        <metrics statements="1" coveredstatements="1" conditionals="0" coveredconditionals="0" methods="0" coveredmethods="0"/>
        <line num="3" count="2" type="stmt"/>
      </file>
    </package>
    <package name="src.graphql.queries">
      <metrics statements="2" coveredstatements="2" conditionals="0" coveredconditionals="0" methods="0" coveredmethods="0"/>
      <file name="login.js" path="/Users/joseph/Documents/Rice-store-frontend/src/graphql/queries/login.js">
        <metrics statements="1" coveredstatements="1" conditionals="0" coveredconditionals="0" methods="0" coveredmethods="0"/>
        <line num="3" count="3" type="stmt"/>
      </file>
      <file name="transactions.js" path="/Users/joseph/Documents/Rice-store-frontend/src/graphql/queries/transactions.js">
        <metrics statements="1" coveredstatements="1" conditionals="0" coveredconditionals="0" methods="0" coveredmethods="0"/>
        <line num="3" count="2" type="stmt"/>
      </file>
    </package>
  </project>
</coverage>
