{"/Users/joseph/Documents/Rice-store-frontend/src/index.js": {"path":"/Users/joseph/Documents/Rice-store-frontend/src/index.js","statementMap":{"0":{"start":{"line":14,"column":20},"end":{"line":27,"column":1}},"1":{"start":{"line":15,"column":2},"end":{"line":26,"column":3}},"2":{"start":{"line":16,"column":4},"end":{"line":25,"column":6}},"3":{"start":{"line":29,"column":0},"end":{"line":29,"column":14}}},"fnMap":{"0":{"name":"(anonymous_0)","decl":{"start":{"line":14,"column":20},"end":{"line":14,"column":21}},"loc":{"start":{"line":14,"column":26},"end":{"line":27,"column":1}},"line":14}},"branchMap":{"0":{"loc":{"start":{"line":15,"column":2},"end":{"line":26,"column":3}},"type":"if","locations":[{"start":{"line":15,"column":2},"end":{"line":26,"column":3}},{"start":{"line":15,"column":2},"end":{"line":26,"column":3}}],"line":15}},"s":{"0":1,"1":2,"2":1,"3":1},"f":{"0":2},"b":{"0":[1,1]},"_coverageSchema":"1a1c01bbd47fc00a2c39e90264f33305004495a9","hash":"0e8cd2c39a450e3a817a7dbf3a28cf35469bb684"}
,"/Users/joseph/Documents/Rice-store-frontend/src/components/App.js": {"path":"/Users/joseph/Documents/Rice-store-frontend/src/components/App.js","statementMap":{"0":{"start":{"line":9,"column":12},"end":{"line":61,"column":5}},"1":{"start":{"line":10,"column":42},"end":{"line":10,"column":54}},"2":{"start":{"line":11,"column":30},"end":{"line":11,"column":45}},"3":{"start":{"line":12,"column":38},"end":{"line":12,"column":50}},"4":{"start":{"line":14,"column":19},"end":{"line":17,"column":9}},"5":{"start":{"line":15,"column":8},"end":{"line":15,"column":26}},"6":{"start":{"line":16,"column":8},"end":{"line":16,"column":25}},"7":{"start":{"line":19,"column":23},"end":{"line":21,"column":5}},"8":{"start":{"line":20,"column":8},"end":{"line":20,"column":24}},"9":{"start":{"line":23,"column":26},"end":{"line":28,"column":5}},"10":{"start":{"line":24,"column":8},"end":{"line":27,"column":11}},"11":{"start":{"line":30,"column":4},"end":{"line":60,"column":10}}},"fnMap":{"0":{"name":"(anonymous_0)","decl":{"start":{"line":9,"column":12},"end":{"line":9,"column":13}},"loc":{"start":{"line":9,"column":18},"end":{"line":61,"column":5}},"line":9},"1":{"name":"(anonymous_1)","decl":{"start":{"line":14,"column":19},"end":{"line":14,"column":20}},"loc":{"start":{"line":14,"column":28},"end":{"line":17,"column":9}},"line":14},"2":{"name":"(anonymous_2)","decl":{"start":{"line":19,"column":23},"end":{"line":19,"column":24}},"loc":{"start":{"line":19,"column":29},"end":{"line":21,"column":5}},"line":19},"3":{"name":"(anonymous_3)","decl":{"start":{"line":23,"column":26},"end":{"line":23,"column":27}},"loc":{"start":{"line":23,"column":33},"end":{"line":28,"column":5}},"line":23}},"branchMap":{},"s":{"0":2,"1":1,"2":1,"3":1,"4":1,"5":0,"6":0,"7":1,"8":0,"9":1,"10":0,"11":1},"f":{"0":1,"1":0,"2":0,"3":0},"b":{},"_coverageSchema":"1a1c01bbd47fc00a2c39e90264f33305004495a9","hash":"240da313ec79acb235dc5a9e6c6d68590dfd8199"}
,"/Users/joseph/Documents/Rice-store-frontend/src/components/Form.js": {"path":"/Users/joseph/Documents/Rice-store-frontend/src/components/Form.js","statementMap":{"0":{"start":{"line":4,"column":13},"end":{"line":12,"column":1}},"1":{"start":{"line":5,"column":4},"end":{"line":11,"column":6}},"2":{"start":{"line":14,"column":0},"end":{"line":17,"column":1}}},"fnMap":{"0":{"name":"(anonymous_0)","decl":{"start":{"line":4,"column":13},"end":{"line":4,"column":14}},"loc":{"start":{"line":4,"column":56},"end":{"line":12,"column":1}},"line":4}},"branchMap":{},"s":{"0":3,"1":4,"2":3},"f":{"0":4},"b":{},"_coverageSchema":"1a1c01bbd47fc00a2c39e90264f33305004495a9","hash":"e475e72c55f929015d291cda82102fcf93ce721a"}
,"/Users/joseph/Documents/Rice-store-frontend/src/components/NavBar.js": {"path":"/Users/joseph/Documents/Rice-store-frontend/src/components/NavBar.js","statementMap":{"0":{"start":{"line":5,"column":15},"end":{"line":37,"column":1}},"1":{"start":{"line":6,"column":4},"end":{"line":36,"column":6}},"2":{"start":{"line":16,"column":43},"end":{"line":16,"column":57}},"3":{"start":{"line":20,"column":43},"end":{"line":20,"column":61}},"4":{"start":{"line":24,"column":43},"end":{"line":24,"column":63}},"5":{"start":{"line":39,"column":0},"end":{"line":41,"column":2}}},"fnMap":{"0":{"name":"(anonymous_0)","decl":{"start":{"line":5,"column":15},"end":{"line":5,"column":16}},"loc":{"start":{"line":5,"column":75},"end":{"line":37,"column":1}},"line":5},"1":{"name":"(anonymous_1)","decl":{"start":{"line":16,"column":37},"end":{"line":16,"column":38}},"loc":{"start":{"line":16,"column":43},"end":{"line":16,"column":57}},"line":16},"2":{"name":"(anonymous_2)","decl":{"start":{"line":20,"column":37},"end":{"line":20,"column":38}},"loc":{"start":{"line":20,"column":43},"end":{"line":20,"column":61}},"line":20},"3":{"name":"(anonymous_3)","decl":{"start":{"line":24,"column":37},"end":{"line":24,"column":38}},"loc":{"start":{"line":24,"column":43},"end":{"line":24,"column":63}},"line":24}},"branchMap":{},"s":{"0":2,"1":0,"2":0,"3":0,"4":0,"5":2},"f":{"0":0,"1":0,"2":0,"3":0},"b":{},"_coverageSchema":"1a1c01bbd47fc00a2c39e90264f33305004495a9","hash":"40fbba94c5b51dae6b11ce2a68ef2f3ed8576ecb"}
,"/Users/joseph/Documents/Rice-store-frontend/src/components/login.js": {"path":"/Users/joseph/Documents/Rice-store-frontend/src/components/login.js","statementMap":{"0":{"start":{"line":8,"column":14},"end":{"line":54,"column":1}},"1":{"start":{"line":9,"column":42},"end":{"line":9,"column":54}},"2":{"start":{"line":12,"column":38},"end":{"line":12,"column":61}},"3":{"start":{"line":14,"column":20},"end":{"line":14,"column":32}},"4":{"start":{"line":15,"column":26},"end":{"line":20,"column":5}},"5":{"start":{"line":16,"column":8},"end":{"line":19,"column":11}},"6":{"start":{"line":22,"column":25},"end":{"line":30,"column":5}},"7":{"start":{"line":23,"column":8},"end":{"line":23,"column":27}},"8":{"start":{"line":24,"column":8},"end":{"line":29,"column":11}},"9":{"start":{"line":32,"column":4},"end":{"line":41,"column":9}},"10":{"start":{"line":33,"column":8},"end":{"line":40,"column":10}},"11":{"start":{"line":43,"column":4},"end":{"line":53,"column":10}}},"fnMap":{"0":{"name":"(anonymous_0)","decl":{"start":{"line":8,"column":14},"end":{"line":8,"column":15}},"loc":{"start":{"line":8,"column":20},"end":{"line":54,"column":1}},"line":8},"1":{"name":"(anonymous_1)","decl":{"start":{"line":15,"column":26},"end":{"line":15,"column":27}},"loc":{"start":{"line":15,"column":33},"end":{"line":20,"column":5}},"line":15},"2":{"name":"(anonymous_2)","decl":{"start":{"line":22,"column":25},"end":{"line":22,"column":26}},"loc":{"start":{"line":22,"column":32},"end":{"line":30,"column":5}},"line":22},"3":{"name":"(anonymous_3)","decl":{"start":{"line":32,"column":14},"end":{"line":32,"column":15}},"loc":{"start":{"line":32,"column":20},"end":{"line":41,"column":7}},"line":32}},"branchMap":{"0":{"loc":{"start":{"line":33,"column":8},"end":{"line":40,"column":9}},"type":"binary-expr","locations":[{"start":{"line":33,"column":8},"end":{"line":33,"column":12}},{"start":{"line":34,"column":11},"end":{"line":34,"column":25}},{"start":{"line":35,"column":11},"end":{"line":35,"column":31}},{"start":{"line":37,"column":10},"end":{"line":40,"column":8}}],"line":33}},"s":{"0":3,"1":4,"2":4,"3":4,"4":4,"5":2,"6":4,"7":1,"8":1,"9":4,"10":3,"11":4},"f":{"0":4,"1":2,"2":1,"3":3},"b":{"0":[3,0,0,0]},"_coverageSchema":"1a1c01bbd47fc00a2c39e90264f33305004495a9","hash":"0639525b5c50dc1bb90da526c6c08e6e9b32e027"}
,"/Users/joseph/Documents/Rice-store-frontend/src/components/common/Input.js": {"path":"/Users/joseph/Documents/Rice-store-frontend/src/components/common/Input.js","statementMap":{"0":{"start":{"line":4,"column":14},"end":{"line":11,"column":1}},"1":{"start":{"line":5,"column":4},"end":{"line":10,"column":6}},"2":{"start":{"line":13,"column":0},"end":{"line":15,"column":2}}},"fnMap":{"0":{"name":"(anonymous_0)","decl":{"start":{"line":4,"column":14},"end":{"line":4,"column":15}},"loc":{"start":{"line":4,"column":85},"end":{"line":11,"column":1}},"line":4}},"branchMap":{},"s":{"0":3,"1":8,"2":3},"f":{"0":8},"b":{},"_coverageSchema":"1a1c01bbd47fc00a2c39e90264f33305004495a9","hash":"768385ab4a8afdcb06fe5e0c4c5ccb9414aea8f6"}
,"/Users/joseph/Documents/Rice-store-frontend/src/components/common/Modal.js": {"path":"/Users/joseph/Documents/Rice-store-frontend/src/components/common/Modal.js","statementMap":{"0":{"start":{"line":4,"column":21},"end":{"line":21,"column":1}},"1":{"start":{"line":6,"column":2},"end":{"line":20,"column":4}}},"fnMap":{"0":{"name":"(anonymous_0)","decl":{"start":{"line":4,"column":21},"end":{"line":4,"column":22}},"loc":{"start":{"line":4,"column":66},"end":{"line":21,"column":1}},"line":4}},"branchMap":{},"s":{"0":2,"1":0},"f":{"0":0},"b":{},"_coverageSchema":"1a1c01bbd47fc00a2c39e90264f33305004495a9","hash":"8f1081f3488236a42c87c4f4a9a3b30b4179a94e"}
,"/Users/joseph/Documents/Rice-store-frontend/src/components/common/ReusableTable.js": {"path":"/Users/joseph/Documents/Rice-store-frontend/src/components/common/ReusableTable.js","statementMap":{"0":{"start":{"line":5,"column":22},"end":{"line":30,"column":1}},"1":{"start":{"line":6,"column":4},"end":{"line":29,"column":6}},"2":{"start":{"line":32,"column":0},"end":{"line":34,"column":2}}},"fnMap":{"0":{"name":"(anonymous_0)","decl":{"start":{"line":5,"column":22},"end":{"line":5,"column":23}},"loc":{"start":{"line":5,"column":31},"end":{"line":30,"column":1}},"line":5}},"branchMap":{},"s":{"0":0,"1":0,"2":0},"f":{"0":0},"b":{}}
,"/Users/joseph/Documents/Rice-store-frontend/src/components/common/StoreCurrentState.js": {"path":"/Users/joseph/Documents/Rice-store-frontend/src/components/common/StoreCurrentState.js","statementMap":{"0":{"start":{"line":4,"column":26},"end":{"line":11,"column":1}},"1":{"start":{"line":5,"column":4},"end":{"line":10,"column":6}},"2":{"start":{"line":13,"column":0},"end":{"line":15,"column":2}}},"fnMap":{"0":{"name":"(anonymous_0)","decl":{"start":{"line":4,"column":26},"end":{"line":4,"column":27}},"loc":{"start":{"line":4,"column":119},"end":{"line":11,"column":1}},"line":4}},"branchMap":{"0":{"loc":{"start":{"line":7,"column":40},"end":{"line":7,"column":73}},"type":"cond-expr","locations":[{"start":{"line":7,"column":56},"end":{"line":7,"column":69}},{"start":{"line":7,"column":72},"end":{"line":7,"column":73}}],"line":7},"1":{"loc":{"start":{"line":8,"column":42},"end":{"line":8,"column":85}},"type":"cond-expr","locations":[{"start":{"line":8,"column":63},"end":{"line":8,"column":81}},{"start":{"line":8,"column":84},"end":{"line":8,"column":85}}],"line":8}},"s":{"0":2,"1":0,"2":2},"f":{"0":0},"b":{"0":[0,0],"1":[0,0]},"_coverageSchema":"1a1c01bbd47fc00a2c39e90264f33305004495a9","hash":"d638fd7b061e544c690fbcff294749c77c4cc121"}
,"/Users/joseph/Documents/Rice-store-frontend/src/components/common/Table.js": {"path":"/Users/joseph/Documents/Rice-store-frontend/src/components/common/Table.js","statementMap":{"0":{"start":{"line":4,"column":16},"end":{"line":33,"column":1}},"1":{"start":{"line":5,"column":4},"end":{"line":32,"column":6}},"2":{"start":{"line":35,"column":0},"end":{"line":37,"column":2}}},"fnMap":{"0":{"name":"(anonymous_0)","decl":{"start":{"line":4,"column":16},"end":{"line":4,"column":17}},"loc":{"start":{"line":4,"column":32},"end":{"line":33,"column":1}},"line":4}},"branchMap":{},"s":{"0":0,"1":0,"2":0},"f":{"0":0},"b":{}}
,"/Users/joseph/Documents/Rice-store-frontend/src/components/store/AddProduct.js": {"path":"/Users/joseph/Documents/Rice-store-frontend/src/components/store/AddProduct.js","statementMap":{"0":{"start":{"line":11,"column":19},"end":{"line":39,"column":1}},"1":{"start":{"line":12,"column":40},"end":{"line":12,"column":64}},"2":{"start":{"line":14,"column":25},"end":{"line":23,"column":5}},"3":{"start":{"line":15,"column":8},"end":{"line":15,"column":27}},"4":{"start":{"line":16,"column":8},"end":{"line":22,"column":10}},"5":{"start":{"line":25,"column":4},"end":{"line":38,"column":6}},"6":{"start":{"line":41,"column":0},"end":{"line":43,"column":2}}},"fnMap":{"0":{"name":"(anonymous_0)","decl":{"start":{"line":11,"column":19},"end":{"line":11,"column":20}},"loc":{"start":{"line":11,"column":81},"end":{"line":39,"column":1}},"line":11},"1":{"name":"(anonymous_1)","decl":{"start":{"line":14,"column":25},"end":{"line":14,"column":26}},"loc":{"start":{"line":14,"column":32},"end":{"line":23,"column":5}},"line":14}},"branchMap":{},"s":{"0":2,"1":0,"2":0,"3":0,"4":0,"5":0,"6":2},"f":{"0":0,"1":0},"b":{},"_coverageSchema":"1a1c01bbd47fc00a2c39e90264f33305004495a9","hash":"41502a105ef977a17f2e407129c38264d84f1b88"}
,"/Users/joseph/Documents/Rice-store-frontend/src/components/store/AddRound.js": {"path":"/Users/joseph/Documents/Rice-store-frontend/src/components/store/AddRound.js","statementMap":{"0":{"start":{"line":10,"column":17},"end":{"line":37,"column":1}},"1":{"start":{"line":11,"column":43},"end":{"line":11,"column":65}},"2":{"start":{"line":13,"column":25},"end":{"line":21,"column":5}},"3":{"start":{"line":14,"column":8},"end":{"line":14,"column":27}},"4":{"start":{"line":15,"column":8},"end":{"line":20,"column":10}},"5":{"start":{"line":23,"column":4},"end":{"line":23,"column":55}},"6":{"start":{"line":24,"column":4},"end":{"line":36,"column":6}},"7":{"start":{"line":39,"column":0},"end":{"line":41,"column":2}}},"fnMap":{"0":{"name":"(anonymous_0)","decl":{"start":{"line":10,"column":17},"end":{"line":10,"column":18}},"loc":{"start":{"line":10,"column":77},"end":{"line":37,"column":1}},"line":10},"1":{"name":"(anonymous_1)","decl":{"start":{"line":13,"column":25},"end":{"line":13,"column":26}},"loc":{"start":{"line":13,"column":32},"end":{"line":21,"column":5}},"line":13}},"branchMap":{"0":{"loc":{"start":{"line":23,"column":4},"end":{"line":23,"column":54}},"type":"binary-expr","locations":[{"start":{"line":23,"column":4},"end":{"line":23,"column":8}},{"start":{"line":23,"column":12},"end":{"line":23,"column":54}}],"line":23}},"s":{"0":2,"1":0,"2":0,"3":0,"4":0,"5":0,"6":0,"7":2},"f":{"0":0,"1":0},"b":{"0":[0,0]},"_coverageSchema":"1a1c01bbd47fc00a2c39e90264f33305004495a9","hash":"ea2d956a79a9af5c0c29fa46ee52760c34670b2e"}
,"/Users/joseph/Documents/Rice-store-frontend/src/components/store/History.js": {"path":"/Users/joseph/Documents/Rice-store-frontend/src/components/store/History.js","statementMap":{"0":{"start":{"line":12,"column":16},"end":{"line":62,"column":1}},"1":{"start":{"line":13,"column":21},"end":{"line":13,"column":44}},"2":{"start":{"line":14,"column":25},"end":{"line":14,"column":60}},"3":{"start":{"line":16,"column":4},"end":{"line":61,"column":6}},"4":{"start":{"line":27,"column":20},"end":{"line":31,"column":22}},"5":{"start":{"line":64,"column":0},"end":{"line":66,"column":2}}},"fnMap":{"0":{"name":"(anonymous_0)","decl":{"start":{"line":12,"column":16},"end":{"line":12,"column":17}},"loc":{"start":{"line":12,"column":89},"end":{"line":62,"column":1}},"line":12},"1":{"name":"(anonymous_1)","decl":{"start":{"line":26,"column":52},"end":{"line":26,"column":53}},"loc":{"start":{"line":27,"column":20},"end":{"line":31,"column":22}},"line":27}},"branchMap":{"0":{"loc":{"start":{"line":14,"column":25},"end":{"line":14,"column":60}},"type":"binary-expr","locations":[{"start":{"line":14,"column":25},"end":{"line":14,"column":29}},{"start":{"line":14,"column":33},"end":{"line":14,"column":60}}],"line":14},"1":{"loc":{"start":{"line":26,"column":18},"end":{"line":32,"column":18}},"type":"binary-expr","locations":[{"start":{"line":26,"column":18},"end":{"line":26,"column":30}},{"start":{"line":26,"column":34},"end":{"line":32,"column":18}}],"line":26},"2":{"loc":{"start":{"line":35,"column":16},"end":{"line":58,"column":28}},"type":"cond-expr","locations":[{"start":{"line":36,"column":20},"end":{"line":42,"column":22}},{"start":{"line":43,"column":18},"end":{"line":58,"column":28}}],"line":35},"3":{"loc":{"start":{"line":43,"column":18},"end":{"line":58,"column":28}},"type":"cond-expr","locations":[{"start":{"line":44,"column":20},"end":{"line":50,"column":22}},{"start":{"line":51,"column":18},"end":{"line":58,"column":28}}],"line":43},"4":{"loc":{"start":{"line":51,"column":18},"end":{"line":58,"column":28}},"type":"cond-expr","locations":[{"start":{"line":52,"column":20},"end":{"line":58,"column":22}},{"start":{"line":58,"column":24},"end":{"line":58,"column":28}}],"line":51}},"s":{"0":2,"1":0,"2":0,"3":0,"4":0,"5":2},"f":{"0":0,"1":0},"b":{"0":[0,0],"1":[0,0],"2":[0,0],"3":[0,0],"4":[0,0]},"_coverageSchema":"1a1c01bbd47fc00a2c39e90264f33305004495a9","hash":"b8709f8d7d45978b7f016685fbfde7119304271e"}
,"/Users/joseph/Documents/Rice-store-frontend/src/components/store/SellProduct.js": {"path":"/Users/joseph/Documents/Rice-store-frontend/src/components/store/SellProduct.js","statementMap":{"0":{"start":{"line":10,"column":20},"end":{"line":42,"column":1}},"1":{"start":{"line":11,"column":46},"end":{"line":11,"column":71}},"2":{"start":{"line":13,"column":25},"end":{"line":23,"column":5}},"3":{"start":{"line":14,"column":8},"end":{"line":14,"column":27}},"4":{"start":{"line":15,"column":8},"end":{"line":22,"column":11}},"5":{"start":{"line":25,"column":4},"end":{"line":25,"column":25}},"6":{"start":{"line":27,"column":4},"end":{"line":41,"column":6}},"7":{"start":{"line":44,"column":0},"end":{"line":46,"column":2}}},"fnMap":{"0":{"name":"(anonymous_0)","decl":{"start":{"line":10,"column":20},"end":{"line":10,"column":21}},"loc":{"start":{"line":10,"column":81},"end":{"line":42,"column":1}},"line":10},"1":{"name":"(anonymous_1)","decl":{"start":{"line":13,"column":25},"end":{"line":13,"column":26}},"loc":{"start":{"line":13,"column":32},"end":{"line":23,"column":5}},"line":13}},"branchMap":{"0":{"loc":{"start":{"line":25,"column":4},"end":{"line":25,"column":24}},"type":"binary-expr","locations":[{"start":{"line":25,"column":4},"end":{"line":25,"column":8}},{"start":{"line":25,"column":12},"end":{"line":25,"column":24}}],"line":25}},"s":{"0":2,"1":0,"2":0,"3":0,"4":0,"5":0,"6":0,"7":2},"f":{"0":0,"1":0},"b":{"0":[0,0]},"_coverageSchema":"1a1c01bbd47fc00a2c39e90264f33305004495a9","hash":"050650a334fe941451c07979af713d7e5b6a33da"}
,"/Users/joseph/Documents/Rice-store-frontend/src/components/store/storeReport.js": {"path":"/Users/joseph/Documents/Rice-store-frontend/src/components/store/storeReport.js","statementMap":{"0":{"start":{"line":13,"column":20},"end":{"line":126,"column":1}},"1":{"start":{"line":14,"column":21},"end":{"line":14,"column":44}},"2":{"start":{"line":15,"column":25},"end":{"line":15,"column":60}},"3":{"start":{"line":17,"column":24},"end":{"line":17,"column":25}},"4":{"start":{"line":18,"column":25},"end":{"line":18,"column":26}},"5":{"start":{"line":19,"column":29},"end":{"line":19,"column":30}},"6":{"start":{"line":20,"column":20},"end":{"line":20,"column":21}},"7":{"start":{"line":21,"column":24},"end":{"line":21,"column":25}},"8":{"start":{"line":22,"column":28},"end":{"line":22,"column":29}},"9":{"start":{"line":24,"column":4},"end":{"line":33,"column":7}},"10":{"start":{"line":25,"column":8},"end":{"line":27,"column":9}},"11":{"start":{"line":26,"column":12},"end":{"line":26,"column":78}},"12":{"start":{"line":29,"column":8},"end":{"line":32,"column":9}},"13":{"start":{"line":30,"column":12},"end":{"line":30,"column":76}},"14":{"start":{"line":31,"column":12},"end":{"line":31,"column":82}},"15":{"start":{"line":35,"column":26},"end":{"line":35,"column":56}},"16":{"start":{"line":37,"column":4},"end":{"line":46,"column":7}},"17":{"start":{"line":38,"column":8},"end":{"line":41,"column":9}},"18":{"start":{"line":39,"column":12},"end":{"line":39,"column":68}},"19":{"start":{"line":40,"column":12},"end":{"line":40,"column":72}},"20":{"start":{"line":43,"column":8},"end":{"line":45,"column":9}},"21":{"start":{"line":44,"column":12},"end":{"line":44,"column":84}},"22":{"start":{"line":48,"column":29},"end":{"line":48,"column":58}},"23":{"start":{"line":50,"column":22},"end":{"line":50,"column":55}},"24":{"start":{"line":52,"column":4},"end":{"line":125,"column":6}},"25":{"start":{"line":128,"column":0},"end":{"line":130,"column":2}}},"fnMap":{"0":{"name":"(anonymous_0)","decl":{"start":{"line":13,"column":20},"end":{"line":13,"column":21}},"loc":{"start":{"line":13,"column":93},"end":{"line":126,"column":1}},"line":13},"1":{"name":"(anonymous_1)","decl":{"start":{"line":24,"column":41},"end":{"line":24,"column":42}},"loc":{"start":{"line":24,"column":52},"end":{"line":33,"column":5}},"line":24},"2":{"name":"(anonymous_2)","decl":{"start":{"line":37,"column":41},"end":{"line":37,"column":42}},"loc":{"start":{"line":37,"column":52},"end":{"line":46,"column":5}},"line":37}},"branchMap":{"0":{"loc":{"start":{"line":15,"column":25},"end":{"line":15,"column":60}},"type":"binary-expr","locations":[{"start":{"line":15,"column":25},"end":{"line":15,"column":29}},{"start":{"line":15,"column":33},"end":{"line":15,"column":60}}],"line":15},"1":{"loc":{"start":{"line":24,"column":4},"end":{"line":33,"column":6}},"type":"binary-expr","locations":[{"start":{"line":24,"column":4},"end":{"line":24,"column":16}},{"start":{"line":24,"column":20},"end":{"line":33,"column":6}}],"line":24},"2":{"loc":{"start":{"line":25,"column":8},"end":{"line":27,"column":9}},"type":"if","locations":[{"start":{"line":25,"column":8},"end":{"line":27,"column":9}},{"start":{"line":25,"column":8},"end":{"line":27,"column":9}}],"line":25},"3":{"loc":{"start":{"line":25,"column":11},"end":{"line":25,"column":83}},"type":"binary-expr","locations":[{"start":{"line":25,"column":11},"end":{"line":25,"column":46}},{"start":{"line":25,"column":50},"end":{"line":25,"column":83}}],"line":25},"4":{"loc":{"start":{"line":29,"column":8},"end":{"line":32,"column":9}},"type":"if","locations":[{"start":{"line":29,"column":8},"end":{"line":32,"column":9}},{"start":{"line":29,"column":8},"end":{"line":32,"column":9}}],"line":29},"5":{"loc":{"start":{"line":29,"column":11},"end":{"line":29,"column":82}},"type":"binary-expr","locations":[{"start":{"line":29,"column":11},"end":{"line":29,"column":45}},{"start":{"line":29,"column":49},"end":{"line":29,"column":82}}],"line":29},"6":{"loc":{"start":{"line":37,"column":4},"end":{"line":46,"column":6}},"type":"binary-expr","locations":[{"start":{"line":37,"column":4},"end":{"line":37,"column":16}},{"start":{"line":37,"column":20},"end":{"line":46,"column":6}}],"line":37},"7":{"loc":{"start":{"line":38,"column":8},"end":{"line":41,"column":9}},"type":"if","locations":[{"start":{"line":38,"column":8},"end":{"line":41,"column":9}},{"start":{"line":38,"column":8},"end":{"line":41,"column":9}}],"line":38},"8":{"loc":{"start":{"line":43,"column":8},"end":{"line":45,"column":9}},"type":"if","locations":[{"start":{"line":43,"column":8},"end":{"line":45,"column":9}},{"start":{"line":43,"column":8},"end":{"line":45,"column":9}}],"line":43},"9":{"loc":{"start":{"line":68,"column":62},"end":{"line":68,"column":106}},"type":"cond-expr","locations":[{"start":{"line":68,"column":78},"end":{"line":68,"column":99}},{"start":{"line":68,"column":102},"end":{"line":68,"column":106}}],"line":68},"10":{"loc":{"start":{"line":81,"column":52},"end":{"line":81,"column":77}},"type":"cond-expr","locations":[{"start":{"line":81,"column":64},"end":{"line":81,"column":73}},{"start":{"line":81,"column":76},"end":{"line":81,"column":77}}],"line":81},"11":{"loc":{"start":{"line":82,"column":53},"end":{"line":82,"column":86}},"type":"cond-expr","locations":[{"start":{"line":82,"column":69},"end":{"line":82,"column":82}},{"start":{"line":82,"column":85},"end":{"line":82,"column":86}}],"line":82},"12":{"loc":{"start":{"line":89,"column":52},"end":{"line":89,"column":82}},"type":"binary-expr","locations":[{"start":{"line":89,"column":52},"end":{"line":89,"column":65}},{"start":{"line":89,"column":69},"end":{"line":89,"column":82}}],"line":89},"13":{"loc":{"start":{"line":90,"column":53},"end":{"line":90,"column":92}},"type":"cond-expr","locations":[{"start":{"line":90,"column":72},"end":{"line":90,"column":88}},{"start":{"line":90,"column":91},"end":{"line":90,"column":92}}],"line":90},"14":{"loc":{"start":{"line":95,"column":24},"end":{"line":118,"column":36}},"type":"cond-expr","locations":[{"start":{"line":96,"column":28},"end":{"line":102,"column":30}},{"start":{"line":103,"column":26},"end":{"line":118,"column":36}}],"line":95},"15":{"loc":{"start":{"line":103,"column":26},"end":{"line":118,"column":36}},"type":"cond-expr","locations":[{"start":{"line":104,"column":28},"end":{"line":110,"column":30}},{"start":{"line":111,"column":26},"end":{"line":118,"column":36}}],"line":103},"16":{"loc":{"start":{"line":111,"column":26},"end":{"line":118,"column":36}},"type":"cond-expr","locations":[{"start":{"line":112,"column":28},"end":{"line":118,"column":30}},{"start":{"line":118,"column":32},"end":{"line":118,"column":36}}],"line":111}},"s":{"0":2,"1":0,"2":0,"3":0,"4":0,"5":0,"6":0,"7":0,"8":0,"9":0,"10":0,"11":0,"12":0,"13":0,"14":0,"15":0,"16":0,"17":0,"18":0,"19":0,"20":0,"21":0,"22":0,"23":0,"24":0,"25":2},"f":{"0":0,"1":0,"2":0},"b":{"0":[0,0],"1":[0,0],"2":[0,0],"3":[0,0],"4":[0,0],"5":[0,0],"6":[0,0],"7":[0,0],"8":[0,0],"9":[0,0],"10":[0,0],"11":[0,0],"12":[0,0],"13":[0,0],"14":[0,0],"15":[0,0],"16":[0,0]},"_coverageSchema":"1a1c01bbd47fc00a2c39e90264f33305004495a9","hash":"2d38023600f31ad506ad25823109ce8485f2a85b"}
,"/Users/joseph/Documents/Rice-store-frontend/src/components/store/transa-card.js": {"path":"/Users/joseph/Documents/Rice-store-frontend/src/components/store/transa-card.js","statementMap":{"0":{"start":{"line":5,"column":23},"end":{"line":46,"column":1}},"1":{"start":{"line":6,"column":4},"end":{"line":45,"column":6}},"2":{"start":{"line":48,"column":0},"end":{"line":50,"column":2}}},"fnMap":{"0":{"name":"(anonymous_0)","decl":{"start":{"line":5,"column":23},"end":{"line":5,"column":24}},"loc":{"start":{"line":5,"column":55},"end":{"line":46,"column":1}},"line":5}},"branchMap":{},"s":{"0":2,"1":0,"2":2},"f":{"0":0},"b":{},"_coverageSchema":"1a1c01bbd47fc00a2c39e90264f33305004495a9","hash":"3bf1311c26129361770e492b5346dd9b07c4e7e1"}
,"/Users/joseph/Documents/Rice-store-frontend/src/container/LeftContainer.js": {"path":"/Users/joseph/Documents/Rice-store-frontend/src/container/LeftContainer.js","statementMap":{"0":{"start":{"line":3,"column":22},"end":{"line":10,"column":1}},"1":{"start":{"line":4,"column":4},"end":{"line":9,"column":6}}},"fnMap":{"0":{"name":"(anonymous_0)","decl":{"start":{"line":3,"column":22},"end":{"line":3,"column":23}},"loc":{"start":{"line":3,"column":43},"end":{"line":10,"column":1}},"line":3}},"branchMap":{},"s":{"0":3,"1":4},"f":{"0":4},"b":{},"_coverageSchema":"1a1c01bbd47fc00a2c39e90264f33305004495a9","hash":"1cd84c95af40d19bca7049df3fca26fd001fa9a6"}
,"/Users/joseph/Documents/Rice-store-frontend/src/container/RightContainer.js": {"path":"/Users/joseph/Documents/Rice-store-frontend/src/container/RightContainer.js","statementMap":{"0":{"start":{"line":6,"column":23},"end":{"line":21,"column":1}},"1":{"start":{"line":7,"column":4},"end":{"line":20,"column":6}},"2":{"start":{"line":23,"column":0},"end":{"line":27,"column":2}}},"fnMap":{"0":{"name":"(anonymous_0)","decl":{"start":{"line":6,"column":23},"end":{"line":6,"column":24}},"loc":{"start":{"line":6,"column":60},"end":{"line":21,"column":1}},"line":6}},"branchMap":{},"s":{"0":3,"1":4,"2":3},"f":{"0":4},"b":{},"_coverageSchema":"1a1c01bbd47fc00a2c39e90264f33305004495a9","hash":"376e7affd9b8449c6d925217ddda41391102ac2e"}
,"/Users/joseph/Documents/Rice-store-frontend/src/graphql/ApolloClient.js": {"path":"/Users/joseph/Documents/Rice-store-frontend/src/graphql/ApolloClient.js","statementMap":{"0":{"start":{"line":7,"column":17},"end":{"line":9,"column":2}},"1":{"start":{"line":11,"column":17},"end":{"line":21,"column":2}},"2":{"start":{"line":13,"column":16},"end":{"line":13,"column":45}},"3":{"start":{"line":15,"column":2},"end":{"line":20,"column":3}},"4":{"start":{"line":23,"column":15},"end":{"line":26,"column":2}}},"fnMap":{"0":{"name":"(anonymous_0)","decl":{"start":{"line":11,"column":28},"end":{"line":11,"column":29}},"loc":{"start":{"line":11,"column":48},"end":{"line":21,"column":1}},"line":11}},"branchMap":{"0":{"loc":{"start":{"line":18,"column":21},"end":{"line":18,"column":51}},"type":"cond-expr","locations":[{"start":{"line":18,"column":29},"end":{"line":18,"column":46}},{"start":{"line":18,"column":49},"end":{"line":18,"column":51}}],"line":18}},"s":{"0":1,"1":1,"2":0,"3":0,"4":1},"f":{"0":0},"b":{"0":[0,0]},"_coverageSchema":"1a1c01bbd47fc00a2c39e90264f33305004495a9","hash":"fcf18d22d5a91a20f9893f2c68e1c411393d6309"}
,"/Users/joseph/Documents/Rice-store-frontend/src/graphql/mutations/addProduct.js": {"path":"/Users/joseph/Documents/Rice-store-frontend/src/graphql/mutations/addProduct.js","statementMap":{"0":{"start":{"line":3,"column":20},"end":{"line":14,"column":2}}},"fnMap":{},"branchMap":{},"s":{"0":2},"f":{},"b":{},"_coverageSchema":"1a1c01bbd47fc00a2c39e90264f33305004495a9","hash":"e035b488854659d8f2088c653ff220aec57fc7c1"}
,"/Users/joseph/Documents/Rice-store-frontend/src/graphql/mutations/addRound.js": {"path":"/Users/joseph/Documents/Rice-store-frontend/src/graphql/mutations/addRound.js","statementMap":{"0":{"start":{"line":3,"column":18},"end":{"line":9,"column":2}}},"fnMap":{},"branchMap":{},"s":{"0":2},"f":{},"b":{},"_coverageSchema":"1a1c01bbd47fc00a2c39e90264f33305004495a9","hash":"2fb1f5825c80730e08c9ffad537f25219caeedfa"}
,"/Users/joseph/Documents/Rice-store-frontend/src/graphql/mutations/sellProduct.js": {"path":"/Users/joseph/Documents/Rice-store-frontend/src/graphql/mutations/sellProduct.js","statementMap":{"0":{"start":{"line":3,"column":21},"end":{"line":17,"column":2}}},"fnMap":{},"branchMap":{},"s":{"0":2},"f":{},"b":{},"_coverageSchema":"1a1c01bbd47fc00a2c39e90264f33305004495a9","hash":"23dec2fc07ca8b63b4620a6067f9baf762c92c99"}
,"/Users/joseph/Documents/Rice-store-frontend/src/graphql/queries/login.js": {"path":"/Users/joseph/Documents/Rice-store-frontend/src/graphql/queries/login.js","statementMap":{"0":{"start":{"line":3,"column":19},"end":{"line":10,"column":2}}},"fnMap":{},"branchMap":{},"s":{"0":3},"f":{},"b":{},"_coverageSchema":"1a1c01bbd47fc00a2c39e90264f33305004495a9","hash":"9def0892c092ad5112f87b5aa583482452ee2d95"}
,"/Users/joseph/Documents/Rice-store-frontend/src/graphql/queries/transactions.js": {"path":"/Users/joseph/Documents/Rice-store-frontend/src/graphql/queries/transactions.js","statementMap":{"0":{"start":{"line":3,"column":22},"end":{"line":19,"column":6}}},"fnMap":{},"branchMap":{},"s":{"0":2},"f":{},"b":{},"_coverageSchema":"1a1c01bbd47fc00a2c39e90264f33305004495a9","hash":"d3e33342d2daff214a575c6680c75fb683ddf77c"}
}
