{"/Users/nkurunzizajoseph/Documents/Projects/Rice-store-frontend/src/index.js": {"path":"/Users/nkurunzizajoseph/Documents/Projects/Rice-store-frontend/src/index.js","statementMap":{"0":{"start":{"line":12,"column":15},"end":{"line":14,"column":2}},"1":{"start":{"line":16,"column":20},"end":{"line":29,"column":1}},"2":{"start":{"line":17,"column":2},"end":{"line":28,"column":3}},"3":{"start":{"line":18,"column":4},"end":{"line":27,"column":6}},"4":{"start":{"line":31,"column":0},"end":{"line":31,"column":14}}},"fnMap":{"0":{"name":"(anonymous_0)","decl":{"start":{"line":16,"column":20},"end":{"line":16,"column":21}},"loc":{"start":{"line":16,"column":26},"end":{"line":29,"column":1}},"line":16}},"branchMap":{"0":{"loc":{"start":{"line":17,"column":2},"end":{"line":28,"column":3}},"type":"if","locations":[{"start":{"line":17,"column":2},"end":{"line":28,"column":3}},{"start":{"line":17,"column":2},"end":{"line":28,"column":3}}],"line":17}},"s":{"0":1,"1":1,"2":2,"3":1,"4":1},"f":{"0":2},"b":{"0":[1,1]},"_coverageSchema":"1a1c01bbd47fc00a2c39e90264f33305004495a9","hash":"554e1942bbd03a85d63a88e0b731d04ed4200ca2"}
,"/Users/nkurunzizajoseph/Documents/Projects/Rice-store-frontend/src/components/App.js": {"path":"/Users/nkurunzizajoseph/Documents/Projects/Rice-store-frontend/src/components/App.js","statementMap":{"0":{"start":{"line":7,"column":15},"end":{"line":9,"column":2}},"1":{"start":{"line":13,"column":8},"end":{"line":17,"column":11}}},"fnMap":{"0":{"name":"(anonymous_0)","decl":{"start":{"line":12,"column":4},"end":{"line":12,"column":5}},"loc":{"start":{"line":12,"column":13},"end":{"line":18,"column":5}},"line":12}},"branchMap":{},"s":{"0":2,"1":1},"f":{"0":1},"b":{},"_coverageSchema":"1a1c01bbd47fc00a2c39e90264f33305004495a9","hash":"2dabd937717c5fa0dee6ad944087f486e07bed31"}
,"/Users/nkurunzizajoseph/Documents/Projects/Rice-store-frontend/src/components/Form.js": {"path":"/Users/nkurunzizajoseph/Documents/Projects/Rice-store-frontend/src/components/Form.js","statementMap":{"0":{"start":{"line":4,"column":13},"end":{"line":25,"column":1}},"1":{"start":{"line":5,"column":4},"end":{"line":24,"column":6}},"2":{"start":{"line":27,"column":0},"end":{"line":30,"column":1}}},"fnMap":{"0":{"name":"(anonymous_0)","decl":{"start":{"line":4,"column":13},"end":{"line":4,"column":14}},"loc":{"start":{"line":4,"column":49},"end":{"line":25,"column":1}},"line":4}},"branchMap":{},"s":{"0":3,"1":4,"2":3},"f":{"0":4},"b":{},"_coverageSchema":"1a1c01bbd47fc00a2c39e90264f33305004495a9","hash":"f9758aeb77949fef237059a711d4d5b40a77a56d"}
,"/Users/nkurunzizajoseph/Documents/Projects/Rice-store-frontend/src/components/login.js": {"path":"/Users/nkurunzizajoseph/Documents/Projects/Rice-store-frontend/src/components/login.js","statementMap":{"0":{"start":{"line":7,"column":14},"end":{"line":42,"column":1}},"1":{"start":{"line":8,"column":42},"end":{"line":8,"column":54}},"2":{"start":{"line":11,"column":36},"end":{"line":11,"column":59}},"3":{"start":{"line":12,"column":26},"end":{"line":18,"column":5}},"4":{"start":{"line":13,"column":8},"end":{"line":13,"column":48}},"5":{"start":{"line":14,"column":8},"end":{"line":17,"column":11}},"6":{"start":{"line":20,"column":25},"end":{"line":28,"column":5}},"7":{"start":{"line":21,"column":8},"end":{"line":21,"column":27}},"8":{"start":{"line":22,"column":8},"end":{"line":27,"column":11}},"9":{"start":{"line":30,"column":4},"end":{"line":41,"column":10}}},"fnMap":{"0":{"name":"(anonymous_0)","decl":{"start":{"line":7,"column":14},"end":{"line":7,"column":15}},"loc":{"start":{"line":7,"column":20},"end":{"line":42,"column":1}},"line":7},"1":{"name":"(anonymous_1)","decl":{"start":{"line":12,"column":26},"end":{"line":12,"column":27}},"loc":{"start":{"line":12,"column":33},"end":{"line":18,"column":5}},"line":12},"2":{"name":"(anonymous_2)","decl":{"start":{"line":20,"column":25},"end":{"line":20,"column":26}},"loc":{"start":{"line":20,"column":32},"end":{"line":28,"column":5}},"line":20}},"branchMap":{},"s":{"0":3,"1":4,"2":4,"3":4,"4":2,"5":2,"6":4,"7":1,"8":1,"9":4},"f":{"0":4,"1":2,"2":1},"b":{},"_coverageSchema":"1a1c01bbd47fc00a2c39e90264f33305004495a9","hash":"76e1ab7e90eac4d37a2dc636b16e51d07edd9bdb"}
,"/Users/nkurunzizajoseph/Documents/Projects/Rice-store-frontend/src/container/LeftContainer.js": {"path":"/Users/nkurunzizajoseph/Documents/Projects/Rice-store-frontend/src/container/LeftContainer.js","statementMap":{"0":{"start":{"line":3,"column":22},"end":{"line":10,"column":1}},"1":{"start":{"line":4,"column":4},"end":{"line":9,"column":6}}},"fnMap":{"0":{"name":"(anonymous_0)","decl":{"start":{"line":3,"column":22},"end":{"line":3,"column":23}},"loc":{"start":{"line":3,"column":28},"end":{"line":10,"column":1}},"line":3}},"branchMap":{},"s":{"0":3,"1":4},"f":{"0":4},"b":{},"_coverageSchema":"1a1c01bbd47fc00a2c39e90264f33305004495a9","hash":"0dc0b61b50768ab8bf069abde6be45a140fdd757"}
,"/Users/nkurunzizajoseph/Documents/Projects/Rice-store-frontend/src/container/RightContainer.js": {"path":"/Users/nkurunzizajoseph/Documents/Projects/Rice-store-frontend/src/container/RightContainer.js","statementMap":{"0":{"start":{"line":5,"column":23},"end":{"line":15,"column":1}},"1":{"start":{"line":6,"column":4},"end":{"line":14,"column":6}},"2":{"start":{"line":17,"column":0},"end":{"line":21,"column":2}}},"fnMap":{"0":{"name":"(anonymous_0)","decl":{"start":{"line":5,"column":23},"end":{"line":5,"column":24}},"loc":{"start":{"line":5,"column":64},"end":{"line":15,"column":1}},"line":5}},"branchMap":{},"s":{"0":3,"1":4,"2":3},"f":{"0":4},"b":{},"_coverageSchema":"1a1c01bbd47fc00a2c39e90264f33305004495a9","hash":"729f4ee2c68c6b5f2921e8f85359ab0b148d0747"}
,"/Users/nkurunzizajoseph/Documents/Projects/Rice-store-frontend/src/graphql/queries/login.js": {"path":"/Users/nkurunzizajoseph/Documents/Projects/Rice-store-frontend/src/graphql/queries/login.js","statementMap":{"0":{"start":{"line":3,"column":19},"end":{"line":9,"column":2}}},"fnMap":{},"branchMap":{},"s":{"0":3},"f":{},"b":{},"_coverageSchema":"1a1c01bbd47fc00a2c39e90264f33305004495a9","hash":"ae067b04356045dbd06fe7fea91be264d89ea46c"}
}
